<?xml version="1.0" encoding="UTF-8"?>
<testng-results ignored="0" total="3" passed="3" failed="0" skipped="0">
  <reporter-output>
  </reporter-output>
  <suite started-at="2023-02-17T14:25:05 IST" name="Default Suite" finished-at="2023-02-17T14:25:05 IST" duration-ms="68">
    <groups>
    </groups>
    <test started-at="2023-02-17T14:25:05 IST" name="DevopsDrive" finished-at="2023-02-17T14:25:05 IST" duration-ms="68">
      <class name="Test.TestHello">
        <test-method signature="Test_Hello()[pri:1, instance:Test.TestHello@473b46c3]" started-at="2023-02-17T14:25:05 IST" name="Test_Hello" finished-at="2023-02-17T14:25:05 IST" duration-ms="7" status="PASS">
          <reporter-output>
          </reporter-output>
        </test-method> <!-- Test_Hello -->
        <test-method signature="Test_Devops()[pri:2, instance:Test.TestHello@473b46c3]" started-at="2023-02-17T14:25:05 IST" name="Test_Devops" finished-at="2023-02-17T14:25:05 IST" duration-ms="4" status="PASS">
          <reporter-output>
          </reporter-output>
        </test-method> <!-- Test_Devops -->
        <test-method signature="Test_Raj()[pri:3, instance:Test.TestHello@473b46c3]" started-at="2023-02-17T14:25:05 IST" name="Test_Raj" finished-at="2023-02-17T14:25:05 IST" duration-ms="3" status="PASS">
          <reporter-output>
          </reporter-output>
        </test-method> <!-- Test_Raj -->
      </class> <!-- Test.TestHello -->
    </test> <!-- DevopsDrive -->
  </suite> <!-- Default Suite -->
</testng-results>
