<?xml version="1.0" encoding="UTF-8"?>
<testng-results ignored="0" total="1" passed="1" failed="0" skipped="0">
  <reporter-output>
  </reporter-output>
  <suite started-at="2023-02-14T19:03:54 IST" name="Default Suite" finished-at="2023-02-14T19:04:20 IST" duration-ms="26398">
    <groups>
    </groups>
    <test started-at="2023-02-14T19:03:54 IST" name="DevopsDrive" finished-at="2023-02-14T19:04:20 IST" duration-ms="26398">
      <class name="Test.Test_01_GoogleTitle">
        <test-method is-config="true" signature="setup()[pri:0, instance:Test.Test_01_GoogleTitle@62e136d3]" started-at="2023-02-14T19:03:54 IST" name="setup" finished-at="2023-02-14T19:04:05 IST" duration-ms="10867" status="PASS">
          <reporter-output>
          </reporter-output>
        </test-method> <!-- setup -->
        <test-method signature="testGoogleTitle()[pri:0, instance:Test.Test_01_GoogleTitle@62e136d3]" started-at="2023-02-14T19:04:05 IST" name="testGoogleTitle" finished-at="2023-02-14T19:04:18 IST" duration-ms="12923" status="PASS">
          <reporter-output>
          </reporter-output>
        </test-method> <!-- testGoogleTitle -->
        <test-method is-config="true" signature="teardown()[pri:0, instance:Test.Test_01_GoogleTitle@62e136d3]" started-at="2023-02-14T19:04:18 IST" name="teardown" finished-at="2023-02-14T19:04:20 IST" duration-ms="2218" status="PASS">
          <reporter-output>
          </reporter-output>
        </test-method> <!-- teardown -->
      </class> <!-- Test.Test_01_GoogleTitle -->
    </test> <!-- DevopsDrive -->
  </suite> <!-- Default Suite -->
</testng-results>
